app/build/outputs/logs/manifest-merger-debug-report.txt
-- Merging decision tree log ---
manifest
ADDED from src/main/AndroidManifest.xml:2:1-142:12
	package
		ADDED from src/main/AndroidManifest.xml:3:5-33
		INJECTED from src/main/AndroidManifest.xml
		INJECTED from src/main/AndroidManifest.xml
	android:versionName
		ADDED from src/main/AndroidManifest.xml:5:5-30
		INJECTED from src/main/AndroidManifest.xml
		INJECTED from src/main/AndroidManifest.xml
	android:versionCode
		ADDED from src/main/AndroidManifest.xml:4:5-28
		INJECTED from src/main/AndroidManifest.xml
		INJECTED from src/main/AndroidManifest.xml
	xmlns:android
		ADDED from src/main/AndroidManifest.xml:2:11-69
uses-permission#android.permission.INTERNET
ADDED from src/main/AndroidManifest.xml:7:5-67
	android:name
		ADDED from src/main/AndroidManifest.xml:7:22-64
uses-permission#android.permission.ACCESS_NETWORK_STATE
ADDED from src/main/AndroidManifest.xml:8:5-79
	android:name
		ADDED from src/main/AndroidManifest.xml:8:22-76
uses-sdk
ADDED from src/main/AndroidManifest.xml:10:5-12:41
MERGED from [com.android.support:gridlayout-v7:18.0.0] AndroidManifest.xml:18:5-42
	android:targetSdkVersion
		ADDED from src/main/AndroidManifest.xml:12:9-38
		INJECTED from src/main/AndroidManifest.xml
		INJECTED from src/main/AndroidManifest.xml
	android:minSdkVersion
		ADDED from src/main/AndroidManifest.xml:11:9-35
		INJECTED from src/main/AndroidManifest.xml
		INJECTED from src/main/AndroidManifest.xml
application
ADDED from src/main/AndroidManifest.xml:14:5-140:19
MERGED from [com.android.support:gridlayout-v7:18.0.0] AndroidManifest.xml:19:5-20
	android:label
		ADDED from src/main/AndroidManifest.xml:17:9-41
	android:allowBackup
		ADDED from src/main/AndroidManifest.xml:15:9-35
	android:icon
		ADDED from src/main/AndroidManifest.xml:16:9-45
	android:theme
		ADDED from src/main/AndroidManifest.xml:18:9-40
activity#easymath.first.activities.MainActivity
ADDED from src/main/AndroidManifest.xml:19:9-30:20
	android:screenOrientation
		ADDED from src/main/AndroidManifest.xml:23:13-49
	android:label
		ADDED from src/main/AndroidManifest.xml:22:13-45
	android:configChanges
		ADDED from src/main/AndroidManifest.xml:21:13-74
	android:theme
		ADDED from src/main/AndroidManifest.xml:24:13-51
	android:name
		ADDED from src/main/AndroidManifest.xml:20:13-66
intent-filter#android.intent.action.MAIN+android.intent.category.LAUNCHER
ADDED from src/main/AndroidManifest.xml:25:13-29:29
action#android.intent.action.MAIN
ADDED from src/main/AndroidManifest.xml:26:17-69
	android:name
		ADDED from src/main/AndroidManifest.xml:26:25-66
category#android.intent.category.LAUNCHER
ADDED from src/main/AndroidManifest.xml:28:17-77
	android:name
		ADDED from src/main/AndroidManifest.xml:28:27-74
activity#easymath.first.activities.MenuActivityenuActivity
ADDED from src/main/AndroidManifest.xml:31:9-35:52
	android:screenOrientation
		ADDED from src/main/AndroidManifest.xml:35:13-49
	android:label
		ADDED from src/main/AndroidManifest.xml:34:13-45
	android:configChanges
		ADDED from src/main/AndroidManifest.xml:33:13-48
	android:name
		ADDED from src/main/AndroidManifest.xml:32:13-77
activity#easymath.first.activities.learn.LearningActivity
ADDED from src/main/AndroidManifest.xml:36:9-40:52
	android:screenOrientation
		ADDED from src/main/AndroidManifest.xml:40:13-49
	android:label
		ADDED from src/main/AndroidManifest.xml:39:13-45
	android:configChanges
		ADDED from src/main/AndroidManifest.xml:38:13-48
	android:name
		ADDED from src/main/AndroidManifest.xml:37:13-76
activity#easymath.first.activities.learn.LearningAddActivitytivity
ADDED from src/main/AndroidManifest.xml:41:9-45:52
	android:screenOrientation
		ADDED from src/main/AndroidManifest.xml:45:13-49
	android:label
		ADDED from src/main/AndroidManifest.xml:44:13-45
	android:configChanges
		ADDED from src/main/AndroidManifest.xml:43:13-48
	android:name
		ADDED from src/main/AndroidManifest.xml:42:13-85
activity#easymath.first.activities.learn.LearningSubActivitygSubActivity
ADDED from src/main/AndroidManifest.xml:46:9-50:52
	android:screenOrientation
		ADDED from src/main/AndroidManifest.xml:50:13-49
	android:label
		ADDED from src/main/AndroidManifest.xml:49:13-45
	android:configChanges
		ADDED from src/main/AndroidManifest.xml:48:13-48
	android:name
		ADDED from src/main/AndroidManifest.xml:47:13-91
activity#easymath.first.activities.learn.LearningMulActivitytivity
ADDED from src/main/AndroidManifest.xml:51:9-55:52
	android:screenOrientation
		ADDED from src/main/AndroidManifest.xml:55:13-49
	android:label
		ADDED from src/main/AndroidManifest.xml:54:13-45
	android:configChanges
		ADDED from src/main/AndroidManifest.xml:53:13-48
	android:name
		ADDED from src/main/AndroidManifest.xml:52:13-85
activity#easymath.first.activities.learn.LearningDivideActivityningDivideActivity
ADDED from src/main/AndroidManifest.xml:56:9-60:52
	android:screenOrientation
		ADDED from src/main/AndroidManifest.xml:60:13-49
	android:label
		ADDED from src/main/AndroidManifest.xml:59:13-45
	android:configChanges
		ADDED from src/main/AndroidManifest.xml:58:13-48
	android:name
		ADDED from src/main/AndroidManifest.xml:57:9-96
activity#easymath.first.activities.train.TrainingActivity
ADDED from src/main/AndroidManifest.xml:61:9-65:52
	android:screenOrientation
		ADDED from src/main/AndroidManifest.xml:65:13-49
	android:label
		ADDED from src/main/AndroidManifest.xml:64:13-45
	android:configChanges
		ADDED from src/main/AndroidManifest.xml:63:13-48
	android:name
		ADDED from src/main/AndroidManifest.xml:62:13-76
activity#easymath.first.activities.DifficultyActivity
ADDED from src/main/AndroidManifest.xml:66:9-70:52
	android:screenOrientation
		ADDED from src/main/AndroidManifest.xml:70:13-49
	android:label
		ADDED from src/main/AndroidManifest.xml:69:13-45
	android:configChanges
		ADDED from src/main/AndroidManifest.xml:68:13-48
	android:name
		ADDED from src/main/AndroidManifest.xml:67:13-72
activity#easymath.first.activities.train.TrainingAddActivitytivity
ADDED from src/main/AndroidManifest.xml:71:9-75:52
	android:screenOrientation
		ADDED from src/main/AndroidManifest.xml:75:13-49
	android:label
		ADDED from src/main/AndroidManifest.xml:74:13-45
	android:configChanges
		ADDED from src/main/AndroidManifest.xml:73:13-48
	android:name
		ADDED from src/main/AndroidManifest.xml:72:13-85
activity#easymath.first.activities.train.TrainScreenActivitytivity
ADDED from src/main/AndroidManifest.xml:76:9-80:52
	android:screenOrientation
		ADDED from src/main/AndroidManifest.xml:80:13-49
	android:label
		ADDED from src/main/AndroidManifest.xml:79:13-45
	android:configChanges
		ADDED from src/main/AndroidManifest.xml:78:13-48
	android:name
		ADDED from src/main/AndroidManifest.xml:77:13-85
activity#easymath.first.activities.TeacherMenuActivityst.TeacherMenuActivity
ADDED from src/main/AndroidManifest.xml:81:9-85:52
	android:screenOrientation
		ADDED from src/main/AndroidManifest.xml:85:13-49
	android:label
		ADDED from src/main/AndroidManifest.xml:84:13-45
	android:configChanges
		ADDED from src/main/AndroidManifest.xml:83:13-48
	android:name
		ADDED from src/main/AndroidManifest.xml:82:7-89
activity#easymath.first.TestScreenActivity
ADDED from src/main/AndroidManifest.xml:86:9-90:52
	android:screenOrientation
		ADDED from src/main/AndroidManifest.xml:90:13-49
	android:label
		ADDED from src/main/AndroidManifest.xml:89:13-45
	android:configChanges
		ADDED from src/main/AndroidManifest.xml:88:13-48
	android:name
		ADDED from src/main/AndroidManifest.xml:87:13-61
activity#easymath.first.TestActivity
ADDED from src/main/AndroidManifest.xml:91:9-95:52
	android:screenOrientation
		ADDED from src/main/AndroidManifest.xml:95:13-49
	android:label
		ADDED from src/main/AndroidManifest.xml:94:13-45
	android:configChanges
		ADDED from src/main/AndroidManifest.xml:93:13-48
	android:name
		ADDED from src/main/AndroidManifest.xml:92:13-55
activity#easymath.first.activities.AddExScreenActivityeenActivity
ADDED from src/main/AndroidManifest.xml:96:9-100:52
	android:screenOrientation
		ADDED from src/main/AndroidManifest.xml:100:13-49
	android:label
		ADDED from src/main/AndroidManifest.xml:99:13-45
	android:configChanges
		ADDED from src/main/AndroidManifest.xml:98:13-48
	android:name
		ADDED from src/main/AndroidManifest.xml:97:13-84
activity#easymath.first.activities.ConnectStudentsActivity
ADDED from src/main/AndroidManifest.xml:101:8-105:52
	android:screenOrientation
		ADDED from src/main/AndroidManifest.xml:105:13-49
	android:label
		ADDED from src/main/AndroidManifest.xml:104:13-45
	android:configChanges
		ADDED from src/main/AndroidManifest.xml:103:13-48
	android:name
		ADDED from src/main/AndroidManifest.xml:102:13-77
activity#easymath.first.activities.ManageStudentsActivity
ADDED from src/main/AndroidManifest.xml:106:9-110:52
	android:screenOrientation
		ADDED from src/main/AndroidManifest.xml:110:13-49
	android:label
		ADDED from src/main/AndroidManifest.xml:109:13-45
	android:configChanges
		ADDED from src/main/AndroidManifest.xml:108:13-48
	android:name
		ADDED from src/main/AndroidManifest.xml:107:13-76
activity#easymath.first.activities.ProfileActivity
ADDED from src/main/AndroidManifest.xml:111:9-115:52
	android:screenOrientation
		ADDED from src/main/AndroidManifest.xml:115:13-49
	android:label
		ADDED from src/main/AndroidManifest.xml:114:13-45
	android:configChanges
		ADDED from src/main/AndroidManifest.xml:113:13-48
	android:name
		ADDED from src/main/AndroidManifest.xml:112:13-69
activity#easymath.first.activities.QuestionExplanationActivity
ADDED from src/main/AndroidManifest.xml:116:9-120:52
	android:screenOrientation
		ADDED from src/main/AndroidManifest.xml:120:13-49
	android:label
		ADDED from src/main/AndroidManifest.xml:119:13-45
	android:configChanges
		ADDED from src/main/AndroidManifest.xml:118:13-48
	android:name
		ADDED from src/main/AndroidManifest.xml:117:13-81
activity#easymath.first.TestEndActivity
ADDED from src/main/AndroidManifest.xml:121:9-125:52
	android:screenOrientation
		ADDED from src/main/AndroidManifest.xml:125:13-49
	android:label
		ADDED from src/main/AndroidManifest.xml:124:13-45
	android:configChanges
		ADDED from src/main/AndroidManifest.xml:123:13-48
	android:name
		ADDED from src/main/AndroidManifest.xml:122:13-58
activity#easymath.first.activities.HelpActivity
ADDED from src/main/AndroidManifest.xml:126:9-130:52
	android:screenOrientation
		ADDED from src/main/AndroidManifest.xml:130:13-49
	android:label
		ADDED from src/main/AndroidManifest.xml:129:13-45
	android:configChanges
		ADDED from src/main/AndroidManifest.xml:128:13-48
	android:name
		ADDED from src/main/AndroidManifest.xml:127:13-66
activity#easymath.first.HelpStudent
ADDED from src/main/AndroidManifest.xml:131:10-134:48
	android:label
		ADDED from src/main/AndroidManifest.xml:134:13-45
	android:configChanges
		ADDED from src/main/AndroidManifest.xml:133:13-48
	android:name
		ADDED from src/main/AndroidManifest.xml:132:13-54
activity#easymath.first.HelpTeacherActivity
ADDED from src/main/AndroidManifest.xml:135:10-139:52
	android:screenOrientation
		ADDED from src/main/AndroidManifest.xml:139:13-49
	android:label
		ADDED from src/main/AndroidManifest.xml:138:13-45
	android:configChanges
		ADDED from src/main/AndroidManifest.xml:137:13-48
	android:name
		ADDED from src/main/AndroidManifest.xml:136:13-62